<?xml version="1.0" encoding="UTF-8"?>
<testsuite name="Rap Name generator" tests="6" skipped="0" failures="0" errors="0" timestamp="2021-05-24T06:57:52" hostname="Dhavals-MBP.lan1" time="62.578">
  <properties/>
  <testcase name="User views error when try to generate rap name without entering fist name" classname="Rap Name generator" time="17.192"/>
  <testcase name="User can generate Rap Name with only first name #1" classname="Rap Name generator" time="9.197"/>
  <testcase name="User can generate Rap Name with only first name #2" classname="Rap Name generator" time="7.552"/>
  <testcase name="User can generate Rap Name with only first name #3" classname="Rap Name generator" time="7.682"/>
  <testcase name="User views New Rap Name when select nick name and submit name for male" classname="Rap Name generator" time="11.034"/>
  <testcase name="User views New Rap Name each time when submit name for female with last initial" classname="Rap Name generator" time="9.921"/>
  <system-out><![CDATA[]]></system-out>
  <system-err><![CDATA[Starting ChromeDriver 90.0.4430.24 (4c6d850f087da467d926e8eddb76550aed655991-refs/branch-heads/4430@{#429}) on port 18104
Only local connections are allowed.
Please see https://chromedriver.chromium.org/security-considerations for suggestions on keeping ChromeDriver safe.
ChromeDriver was started successfully.
May 24, 2021 1:57:54 AM org.openqa.selenium.remote.ProtocolHandshake createSession
INFO: Detected dialect: W3C
]]></system-err>
</testsuite>
